<?xml version="1.0" encoding="UTF-8"?>
<testsuite name="demolition.AppTest" tests="2" skipped="0" failures="0" errors="0" timestamp="2021-11-05T02:15:41" hostname="LAPTOP-G2PUCDLR" time="3.529">
  <properties/>
  <testcase name="basicTest()" classname="demolition.AppTest" time="3.528"/>
  <testcase name="lostLiveTest()" classname="demolition.AppTest" time="0.001"/>
  <system-out><![CDATA[]]></system-out>
  <system-err><![CDATA[java.lang.NullPointerException
	at demolition.App.loadConfig(App.java:121)
	at demolition.App.setup(App.java:140)
	at processing.core.PApplet.handleDraw(PApplet.java:2401)
	at processing.awt.PSurfaceAWT$12.callDraw(PSurfaceAWT.java:1557)
	at processing.core.PSurfaceNone$AnimationThread.run(PSurfaceNone.java:316)
]]></system-err>
</testsuite>
