<?xml version="1.0" encoding="UTF-8"?>
<testsuite name="demolition.RedEnemyTest" tests="2" skipped="0" failures="0" errors="0" timestamp="2021-11-05T02:15:45" hostname="LAPTOP-G2PUCDLR" time="0.001">
  <properties/>
  <testcase name="testReset()" classname="demolition.RedEnemyTest" time="0.0"/>
  <testcase name="testMove()" classname="demolition.RedEnemyTest" time="0.001"/>
  <system-out><![CDATA[]]></system-out>
  <system-err><![CDATA[]]></system-err>
</testsuite>
