<?xml version="1.0" encoding="UTF-8"?>
<testsuite name="demolition.BombTest" tests="1" skipped="0" failures="0" errors="0" timestamp="2022-02-21T04:33:39" hostname="dabingdeMacBook-Air.local" time="0.0">
  <properties/>
  <testcase name="testReset()" classname="demolition.BombTest" time="0.0"/>
  <system-out><![CDATA[]]></system-out>
  <system-err><![CDATA[]]></system-err>
</testsuite>
