<?xml version="1.0" encoding="UTF-8"?>
<testsuite name="demolition.ExplosionTest" tests="4" skipped="0" failures="0" errors="0" timestamp="2022-02-21T04:33:39" hostname="dabingdeMacBook-Air.local" time="0.001">
  <properties/>
  <testcase name="testExplore()" classname="demolition.ExplosionTest" time="0.0"/>
  <testcase name="testReset()" classname="demolition.ExplosionTest" time="0.0"/>
  <testcase name="testCheckExplosion()" classname="demolition.ExplosionTest" time="0.0"/>
  <testcase name="testGetExplosion()" classname="demolition.ExplosionTest" time="0.001"/>
  <system-out><![CDATA[]]></system-out>
  <system-err><![CDATA[]]></system-err>
</testsuite>
